
######### Script run on : Mon Jun  4 16:36:29 2018 #########
############################################################

 CSVType: Follwoing file (/home/docker/code/gstudio/gnowsys-ndf/gnowsys_ndf/ndf/management/commands/schema_files/ATs.csv) found !
 JSONType: Following file (/home/docker/code/gstudio/gnowsys-ndf/gnowsys_ndf/ndf/management/commands/schema_files/ATs.json) created successfully.
 Task initiated: Processing json-file...

 Creating AttributeType(first_name) ...
 AttributeType (first_name) already exists (Nothing updated) !

 Creating AttributeType(middle_name) ...
 AttributeType (middle_name) already exists (Nothing updated) !

 Creating AttributeType(last_name) ...
 AttributeType (last_name) already exists (Nothing updated) !

 Creating AttributeType(gender) ...
 AttributeType (gender) already exists (Nothing updated) !

 Creating AttributeType(dob) ...
 AttributeType (dob) already exists (Nothing updated) !

 Creating AttributeType(religion) ...
 AttributeType (religion) already exists (Nothing updated) !

 Creating AttributeType(mobile_number) ...
 AttributeType (mobile_number) already exists (Nothing updated) !

 Creating AttributeType(alternate_number) ...
 AttributeType (alternate_number) already exists (Nothing updated) !

 Creating AttributeType(email_id) ...
 AttributeType (email_id) already exists (Nothing updated) !

 Creating AttributeType(languages_known) ...
 AttributeType (languages_known) already exists (Nothing updated) !

 Creating AttributeType(house_street) ...
 AttributeType (house_street) already exists (Nothing updated) !

 Creating AttributeType(village) ...
 AttributeType (village) already exists (Nothing updated) !

 Creating AttributeType(taluka) ...
 AttributeType (taluka) already exists (Nothing updated) !

 Creating AttributeType(town_city) ...
 AttributeType (town_city) already exists (Nothing updated) !

 Creating AttributeType(pin_code) ...
 AttributeType (pin_code) already exists (Nothing updated) !

 Creating AttributeType(enrollment_code) ...
 AttributeType (enrollment_code) already exists (Nothing updated) !

 Creating AttributeType(enrolled_students) ...
 AttributeType (enrolled_students) already exists (Nothing updated) !

 Creating AttributeType(college_enroll_num) ...
 AttributeType (college_enroll_num) already exists (Nothing updated) !

 Creating AttributeType(is_nss_registered) ...
 AttributeType (is_nss_registered) already exists (Nothing updated) !

 Creating AttributeType(is_dropout_student) ...
 AttributeType (is_dropout_student) already exists (Nothing updated) !

 Creating AttributeType(12_passing_year) ...
 AttributeType (12_passing_year) already exists (Nothing updated) !

 Creating AttributeType(12_passing_certificate) ...
 AttributeType (12_passing_certificate) already exists (Nothing updated) !

 Creating AttributeType(registration_date) ...
 AttributeType (registration_date) already exists (Nothing updated) !

 Creating AttributeType(degree_year) ...
 AttributeType (degree_year) already exists (Nothing updated) !

 Creating AttributeType(degree_name) ...
 AttributeType (degree_name) already exists (Nothing updated) !

 Creating AttributeType(degree_specialization) ...
 AttributeType (degree_specialization) already exists (Nothing updated) !

 Creating AttributeType(signature) ...
 AttributeType (signature) already exists (Nothing updated) !

 Creating AttributeType(user_photo) ...
 AttributeType (user_photo) already exists (Nothing updated) !

 Creating AttributeType(degree_passing_year) ...
 AttributeType (degree_passing_year) already exists (Nothing updated) !

 Creating AttributeType(other_qualifications) ...
 AttributeType (other_qualifications) already exists (Nothing updated) !

 Creating AttributeType(key_skills) ...
 AttributeType (key_skills) already exists (Nothing updated) !

 Creating AttributeType(profession) ...
 AttributeType (profession) already exists (Nothing updated) !

 Creating AttributeType(designation) ...
 AttributeType (designation) already exists (Nothing updated) !

 Creating AttributeType(work_exp) ...
 AttributeType (work_exp) already exists (Nothing updated) !

 Creating AttributeType(is_tot_attended) ...
 AttributeType (is_tot_attended) already exists (Nothing updated) !

 Creating AttributeType(tot_when) ...
 AttributeType (tot_when) already exists (Nothing updated) !

 Creating AttributeType(nxt_mon_sch) ...
 AttributeType (nxt_mon_sch) already exists (Nothing updated) !

 Creating AttributeType(start_time) ...
 AttributeType (start_time) already exists (Nothing updated) !

 Creating AttributeType(end_time) ...
 AttributeType (end_time) already exists (Nothing updated) !

 Creating AttributeType(attendees) ...
 AttributeType (attendees) already exists (Nothing updated) !

 Creating AttributeType(nussd_course_type) ...
 AttributeType (nussd_course_type) already exists (Nothing updated) !

 Creating AttributeType(course_code) ...
 AttributeType (course_code) already exists (Nothing updated) !

 Creating AttributeType(theory_credit) ...
 AttributeType (theory_credit) already exists (Nothing updated) !

 Creating AttributeType(field_work_credit) ...
 AttributeType (field_work_credit) already exists (Nothing updated) !

 Creating AttributeType(qualifying_attendence) ...
 AttributeType (qualifying_attendence) already exists (Nothing updated) !

 Creating AttributeType(evaluation_type) ...
 AttributeType (evaluation_type) already exists (Nothing updated) !

 Creating AttributeType(min_marks) ...
 AttributeType (min_marks) already exists (Nothing updated) !

 Creating AttributeType(max_marks) ...
 AttributeType (max_marks) already exists (Nothing updated) !

 Creating AttributeType(mast_tr_qualifications) ...
 AttributeType (mast_tr_qualifications) already exists (Nothing updated) !

 Creating AttributeType(voln_tr_qualifications) ...
 AttributeType (voln_tr_qualifications) already exists (Nothing updated) !

 Creating AttributeType(start_enroll) ...
 AttributeType (start_enroll) already exists (Nothing updated) !

 Creating AttributeType(end_enroll) ...
 AttributeType (end_enroll) already exists (Nothing updated) !

 Creating AttributeType(has_enrolled) ...
 AttributeType (has_enrolled) already exists (Nothing updated) !

 Creating AttributeType(has_approved) ...
 AttributeType (has_approved) already exists (Nothing updated) !

 Creating AttributeType(has_rejected) ...
 AttributeType (has_rejected) already exists (Nothing updated) !

 Creating AttributeType(completed_on) ...
 AttributeType (completed_on) already exists (Nothing updated) !

 Creating AttributeType(course_structure_minutes) ...
 AttributeType (course_structure_minutes) already exists (Nothing updated) !

 Creating AttributeType(course_structure_assignment) ...
 AttributeType (course_structure_assignment) already exists (Nothing updated) !

 Creating AttributeType(course_structure_assessment) ...
 AttributeType (course_structure_assessment) already exists (Nothing updated) !

 Creating AttributeType(attendance_record) ...
 AttributeType (attendance_record) already exists (Nothing updated) !

 Creating AttributeType(performance_record) ...
 AttributeType (performance_record) already exists (Nothing updated) !

 Creating AttributeType(cumulative_performance_report) ...
 AttributeType (cumulative_performance_report) already exists (Nothing updated) !

 Creating AttributeType(Assignment_marks_record) ...
 AttributeType (Assignment_marks_record) already exists (Nothing updated) !

 Creating AttributeType(Assessment_marks_record) ...
 AttributeType (Assessment_marks_record) already exists (Nothing updated) !

 Creating AttributeType(reschedule_attendance) ...
 AttributeType (reschedule_attendance) already exists (Nothing updated) !

 Creating AttributeType(marks_entry_completed) ...
 AttributeType (marks_entry_completed) already exists (Nothing updated) !

 Creating AttributeType(event_edit_reschedule) ...
 AttributeType (event_edit_reschedule) already exists (Nothing updated) !

 Creating AttributeType(ann_course_closure) ...
 AttributeType (ann_course_closure) already exists (Nothing updated) !

 Creating AttributeType(enrollment_status) ...
 AttributeType (enrollment_status) already exists (Nothing updated) !

 Creating AttributeType(has_enrollment_task) ...
 AttributeType (has_enrollment_task) already exists (Nothing updated) !

 Creating AttributeType(has_approval_task) ...
 AttributeType (has_approval_task) already exists (Nothing updated) !

 Creating AttributeType(course_enrollment_status) ...
 AttributeType (course_enrollment_status) already exists (Nothing updated) !

 Creating AttributeType(state_code) ...
 AttributeType (state_code) already exists (Nothing updated) !

 Creating AttributeType(event_attendance_task) ...
 AttributeType (event_attendance_task) already exists (Nothing updated) !

 Creating AttributeType(event_date_task) ...
 AttributeType (event_date_task) already exists (Nothing updated) !

 Creating AttributeType(event_status) ...
 AttributeType (event_status) already exists (Nothing updated) !

 Creating AttributeType(aadhar_id) ...
 AttributeType (aadhar_id) already exists (Nothing updated) !

 Creating AttributeType(quiz_type) ...
 AttributeType (quiz_type) already exists (Nothing updated) !

 Creating AttributeType(options) ...
 AttributeType (options) already exists (Nothing updated) !

 Creating AttributeType(correct_answer) ...
 AttributeType (correct_answer) already exists (Nothing updated) !

 Creating AttributeType(quizitem_show_correct_ans) ...
 AttributeType (quizitem_show_correct_ans) already exists (Nothing updated) !

 Creating AttributeType(quizitem_problem_weight) ...
 AttributeType (quizitem_problem_weight) already exists (Nothing updated) !

 Creating AttributeType(quizitem_max_attempts) ...
 AttributeType (quizitem_max_attempts) already exists (Nothing updated) !

 Creating AttributeType(quizitem_check_answer) ...
 AttributeType (quizitem_check_answer) already exists (Nothing updated) !

 Creating AttributeType(quizitempost_user_submitted_ans) ...
 AttributeType (quizitempost_user_submitted_ans) already exists (Nothing updated) !

 Creating AttributeType(quizitempost_user_checked_ans) ...
 AttributeType (quizitempost_user_checked_ans) already exists (Nothing updated) !

 Creating AttributeType(discussion_enable) ...
 AttributeType (discussion_enable) already exists (Nothing updated) !

 Creating AttributeType(is_bigbluebutton) ...
 AttributeType (is_bigbluebutton) already exists (Nothing updated) !

 Creating AttributeType(open_event) ...
 AttributeType (open_event) already exists (Nothing updated) !

 Creating AttributeType(player_discussion_enable) ...
 AttributeType (player_discussion_enable) already exists (Nothing updated) !

 Creating AttributeType(assessment_list) ...
 AttributeType (assessment_list) already exists (Nothing updated) !

 Creating AttributeType(total_assessment_items) ...
 AttributeType (total_assessment_items) already exists (Nothing updated) !

 Creating AttributeType(items_sort_list) ...
 AttributeType (items_sort_list) already exists (Nothing updated) !

 Creating AttributeType(organization_name) ...
 AttributeType (organization_name) already exists (Nothing updated) !

 Task finised: Successfully processed json-file.

 ============================================================ End of Iteration ============================================================

######### Script run on : Mon Jun  4 16:38:55 2018 #########
############################################################

 CSVType: Follwoing file (/home/docker/code/gstudio/gnowsys-ndf/gnowsys_ndf/ndf/management/commands/schema_files/ATs.csv) found !
 JSONType: Following file (/home/docker/code/gstudio/gnowsys-ndf/gnowsys_ndf/ndf/management/commands/schema_files/ATs.json) created successfully.
 Task initiated: Processing json-file...

 Creating AttributeType(first_name) ...
 AttributeType (first_name) already exists (Nothing updated) !

 Creating AttributeType(middle_name) ...
 AttributeType (middle_name) already exists (Nothing updated) !

 Creating AttributeType(last_name) ...
 AttributeType (last_name) already exists (Nothing updated) !

 Creating AttributeType(gender) ...
 AttributeType (gender) already exists (Nothing updated) !

 Creating AttributeType(dob) ...
 AttributeType (dob) already exists (Nothing updated) !

 Creating AttributeType(religion) ...
 AttributeType (religion) already exists (Nothing updated) !

 Creating AttributeType(mobile_number) ...
 AttributeType (mobile_number) already exists (Nothing updated) !

 Creating AttributeType(alternate_number) ...
 AttributeType (alternate_number) already exists (Nothing updated) !

 Creating AttributeType(email_id) ...
 AttributeType (email_id) already exists (Nothing updated) !

 Creating AttributeType(languages_known) ...
 AttributeType (languages_known) already exists (Nothing updated) !

 Creating AttributeType(house_street) ...
 AttributeType (house_street) already exists (Nothing updated) !

 Creating AttributeType(village) ...
 AttributeType (village) already exists (Nothing updated) !

 Creating AttributeType(taluka) ...
 AttributeType (taluka) already exists (Nothing updated) !

 Creating AttributeType(town_city) ...
 AttributeType (town_city) already exists (Nothing updated) !

 Creating AttributeType(pin_code) ...
 AttributeType (pin_code) already exists (Nothing updated) !

 Creating AttributeType(enrollment_code) ...
 AttributeType (enrollment_code) already exists (Nothing updated) !

 Creating AttributeType(enrolled_students) ...
 AttributeType (enrolled_students) already exists (Nothing updated) !

 Creating AttributeType(college_enroll_num) ...
 AttributeType (college_enroll_num) already exists (Nothing updated) !

 Creating AttributeType(is_nss_registered) ...
 AttributeType (is_nss_registered) already exists (Nothing updated) !

 Creating AttributeType(is_dropout_student) ...
 AttributeType (is_dropout_student) already exists (Nothing updated) !

 Creating AttributeType(12_passing_year) ...
 AttributeType (12_passing_year) already exists (Nothing updated) !

 Creating AttributeType(12_passing_certificate) ...
 AttributeType (12_passing_certificate) already exists (Nothing updated) !

 Creating AttributeType(registration_date) ...
 AttributeType (registration_date) already exists (Nothing updated) !

 Creating AttributeType(degree_year) ...
 AttributeType (degree_year) already exists (Nothing updated) !

 Creating AttributeType(degree_name) ...
 AttributeType (degree_name) already exists (Nothing updated) !

 Creating AttributeType(degree_specialization) ...
 AttributeType (degree_specialization) already exists (Nothing updated) !

 Creating AttributeType(signature) ...
 AttributeType (signature) already exists (Nothing updated) !

 Creating AttributeType(user_photo) ...
 AttributeType (user_photo) already exists (Nothing updated) !

 Creating AttributeType(degree_passing_year) ...
 AttributeType (degree_passing_year) already exists (Nothing updated) !

 Creating AttributeType(other_qualifications) ...
 AttributeType (other_qualifications) already exists (Nothing updated) !

 Creating AttributeType(key_skills) ...
 AttributeType (key_skills) already exists (Nothing updated) !

 Creating AttributeType(profession) ...
 AttributeType (profession) already exists (Nothing updated) !

 Creating AttributeType(designation) ...
 AttributeType (designation) already exists (Nothing updated) !

 Creating AttributeType(work_exp) ...
 AttributeType (work_exp) already exists (Nothing updated) !

 Creating AttributeType(is_tot_attended) ...
 AttributeType (is_tot_attended) already exists (Nothing updated) !

 Creating AttributeType(tot_when) ...
 AttributeType (tot_when) already exists (Nothing updated) !

 Creating AttributeType(nxt_mon_sch) ...
 AttributeType (nxt_mon_sch) already exists (Nothing updated) !

 Creating AttributeType(start_time) ...
 AttributeType (start_time) updated successfully.

 Creating AttributeType(end_time) ...
 AttributeType (end_time) updated successfully.

 Creating AttributeType(attendees) ...
 AttributeType (attendees) already exists (Nothing updated) !

 Creating AttributeType(nussd_course_type) ...
 AttributeType (nussd_course_type) already exists (Nothing updated) !

 Creating AttributeType(course_code) ...
 AttributeType (course_code) already exists (Nothing updated) !

 Creating AttributeType(theory_credit) ...
 AttributeType (theory_credit) already exists (Nothing updated) !

 Creating AttributeType(field_work_credit) ...
 AttributeType (field_work_credit) already exists (Nothing updated) !

 Creating AttributeType(qualifying_attendence) ...
 AttributeType (qualifying_attendence) already exists (Nothing updated) !

 Creating AttributeType(evaluation_type) ...
 AttributeType (evaluation_type) already exists (Nothing updated) !

 Creating AttributeType(min_marks) ...
 AttributeType (min_marks) already exists (Nothing updated) !

 Creating AttributeType(max_marks) ...
 AttributeType (max_marks) already exists (Nothing updated) !

 Creating AttributeType(mast_tr_qualifications) ...
 AttributeType (mast_tr_qualifications) already exists (Nothing updated) !

 Creating AttributeType(voln_tr_qualifications) ...
 AttributeType (voln_tr_qualifications) already exists (Nothing updated) !

 Creating AttributeType(start_enroll) ...
 AttributeType (start_enroll) already exists (Nothing updated) !

 Creating AttributeType(end_enroll) ...
 AttributeType (end_enroll) already exists (Nothing updated) !

 Creating AttributeType(has_enrolled) ...
 AttributeType (has_enrolled) already exists (Nothing updated) !

 Creating AttributeType(has_approved) ...
 AttributeType (has_approved) already exists (Nothing updated) !

 Creating AttributeType(has_rejected) ...
 AttributeType (has_rejected) already exists (Nothing updated) !

 Creating AttributeType(completed_on) ...
 AttributeType (completed_on) already exists (Nothing updated) !

 Creating AttributeType(course_structure_minutes) ...
 AttributeType (course_structure_minutes) already exists (Nothing updated) !

 Creating AttributeType(course_structure_assignment) ...
 AttributeType (course_structure_assignment) already exists (Nothing updated) !

 Creating AttributeType(course_structure_assessment) ...
 AttributeType (course_structure_assessment) already exists (Nothing updated) !

 Creating AttributeType(attendance_record) ...
 AttributeType (attendance_record) already exists (Nothing updated) !

 Creating AttributeType(performance_record) ...
 AttributeType (performance_record) already exists (Nothing updated) !

 Creating AttributeType(cumulative_performance_report) ...
 AttributeType (cumulative_performance_report) already exists (Nothing updated) !

 Creating AttributeType(Assignment_marks_record) ...
 AttributeType (Assignment_marks_record) already exists (Nothing updated) !

 Creating AttributeType(Assessment_marks_record) ...
 AttributeType (Assessment_marks_record) already exists (Nothing updated) !

 Creating AttributeType(reschedule_attendance) ...
 AttributeType (reschedule_attendance) already exists (Nothing updated) !

 Creating AttributeType(marks_entry_completed) ...
 AttributeType (marks_entry_completed) already exists (Nothing updated) !

 Creating AttributeType(event_edit_reschedule) ...
 AttributeType (event_edit_reschedule) already exists (Nothing updated) !

 Creating AttributeType(ann_course_closure) ...
 AttributeType (ann_course_closure) already exists (Nothing updated) !

 Creating AttributeType(enrollment_status) ...
 AttributeType (enrollment_status) already exists (Nothing updated) !

 Creating AttributeType(has_enrollment_task) ...
 AttributeType (has_enrollment_task) already exists (Nothing updated) !

 Creating AttributeType(has_approval_task) ...
 AttributeType (has_approval_task) already exists (Nothing updated) !

 Creating AttributeType(course_enrollment_status) ...
 AttributeType (course_enrollment_status) already exists (Nothing updated) !

 Creating AttributeType(state_code) ...
 AttributeType (state_code) already exists (Nothing updated) !

 Creating AttributeType(event_attendance_task) ...
 AttributeType (event_attendance_task) already exists (Nothing updated) !

 Creating AttributeType(event_date_task) ...
 AttributeType (event_date_task) already exists (Nothing updated) !

 Creating AttributeType(event_status) ...
 AttributeType (event_status) already exists (Nothing updated) !

 Creating AttributeType(aadhar_id) ...
 AttributeType (aadhar_id) already exists (Nothing updated) !

 Creating AttributeType(quiz_type) ...
 AttributeType (quiz_type) already exists (Nothing updated) !

 Creating AttributeType(options) ...
 AttributeType (options) already exists (Nothing updated) !

 Creating AttributeType(correct_answer) ...
 AttributeType (correct_answer) already exists (Nothing updated) !

 Creating AttributeType(quizitem_show_correct_ans) ...
 AttributeType (quizitem_show_correct_ans) already exists (Nothing updated) !

 Creating AttributeType(quizitem_problem_weight) ...
 AttributeType (quizitem_problem_weight) already exists (Nothing updated) !

 Creating AttributeType(quizitem_max_attempts) ...
 AttributeType (quizitem_max_attempts) already exists (Nothing updated) !

 Creating AttributeType(quizitem_check_answer) ...
 AttributeType (quizitem_check_answer) already exists (Nothing updated) !

 Creating AttributeType(quizitempost_user_submitted_ans) ...
 AttributeType (quizitempost_user_submitted_ans) already exists (Nothing updated) !

 Creating AttributeType(quizitempost_user_checked_ans) ...
 AttributeType (quizitempost_user_checked_ans) already exists (Nothing updated) !

 Creating AttributeType(discussion_enable) ...
 AttributeType (discussion_enable) already exists (Nothing updated) !

 Creating AttributeType(is_bigbluebutton) ...
 AttributeType (is_bigbluebutton) already exists (Nothing updated) !

 Creating AttributeType(open_event) ...
 AttributeType (open_event) already exists (Nothing updated) !

 Creating AttributeType(player_discussion_enable) ...
 AttributeType (player_discussion_enable) already exists (Nothing updated) !

 Creating AttributeType(assessment_list) ...
 AttributeType (assessment_list) already exists (Nothing updated) !

 Creating AttributeType(total_assessment_items) ...
 AttributeType (total_assessment_items) already exists (Nothing updated) !

 Creating AttributeType(items_sort_list) ...
 AttributeType (items_sort_list) already exists (Nothing updated) !

 Creating AttributeType(organization_name) ...
 AttributeType (organization_name) already exists (Nothing updated) !

 Task finised: Successfully processed json-file.

 ============================================================ End of Iteration ============================================================
