
######### Script run on : Mon Jun  4 16:36:57 2018 #########
############################################################

 CSVType: Follwoing file (/home/docker/code/gstudio/gnowsys-ndf/gnowsys_ndf/ndf/management/commands/schema_files/RTs.csv) found !
 JSONType: Following file (/home/docker/code/gstudio/gnowsys-ndf/gnowsys_ndf/ndf/management/commands/schema_files/RTs.json) created successfully.
 Task initiated: Processing json-file...

 Creating RelationType(person_belongs_to_country) ...
 RelationType (person_belongs_to_country) already exists (Nothing updated) !

 Creating RelationType(organization_belongs_to_country) ...
 RelationType (organization_belongs_to_country) already exists (Nothing updated) !

 Creating RelationType(person_belongs_to_state) ...
 RelationType (person_belongs_to_state) already exists (Nothing updated) !

 Creating RelationType(organization_belongs_to_state) ...
 RelationType (organization_belongs_to_state) already exists (Nothing updated) !

 Creating RelationType(person_belongs_to_district) ...
 RelationType (person_belongs_to_district) already exists (Nothing updated) !

 Creating RelationType(organization_belongs_to_district) ...
 RelationType (organization_belongs_to_district) already exists (Nothing updated) !

 Creating RelationType(student_belongs_to_college) ...
 RelationType (student_belongs_to_college) already exists (Nothing updated) !

 Creating RelationType(student_belongs_to_university) ...
 RelationType (student_belongs_to_university) already exists (Nothing updated) !

 Creating RelationType(contact_person) ...
 RelationType (contact_person) already exists (Nothing updated) !

 Creating RelationType(faculty_incharge_of_university) ...
 RelationType (faculty_incharge_of_university) already exists (Nothing updated) !

 Creating RelationType(faculty_incharge_of_college) ...
 RelationType (faculty_incharge_of_college) already exists (Nothing updated) !

 Creating RelationType(officer_incharge_of) ...
 RelationType (officer_incharge_of) already exists (Nothing updated) !

 Creating RelationType(nss_coordinator_of) ...
 RelationType (nss_coordinator_of) already exists (Nothing updated) !

 Creating RelationType(affiliated_college) ...
 RelationType (affiliated_college) already exists (Nothing updated) !

 Creating RelationType(event_organised_by) ...
 RelationType (event_organised_by) already exists (Nothing updated) !

 Creating RelationType(event_coordinator) ...
 RelationType (event_coordinator) already exists (Nothing updated) !

 Creating RelationType(event_has_participants) ...
 RelationType (event_has_participants) already exists (Nothing updated) !

 Creating RelationType(has_attended) ...
 RelationType (has_attended) already exists (Nothing updated) !

 Creating RelationType(has_attendees) ...
 RelationType (has_attendees) already exists (Nothing updated) !

 Creating RelationType(session_of) ...
 RelationType (session_of) already exists (Nothing updated) !

 Creating RelationType(course_has_event) ...
 RelationType (course_has_event) already exists (Nothing updated) !

 Creating RelationType(announced_for) ...
 RelationType (announced_for) already exists (Nothing updated) !

 Creating RelationType(acourse_for_college) ...
 RelationType (acourse_for_college) already exists (Nothing updated) !

 Creating RelationType(student_of_caste_category) ...
 RelationType (student_of_caste_category) already exists (Nothing updated) !

 Creating RelationType(student_has_domicile) ...
 RelationType (student_has_domicile) already exists (Nothing updated) !

 Creating RelationType(selected_course) ...
 RelationType (selected_course) already exists (Nothing updated) !

 Creating RelationType(trainer_of_course) ...
 RelationType (trainer_of_course) already exists (Nothing updated) !

 Creating RelationType(trainer_of_college) ...
 RelationType (trainer_of_college) already exists (Nothing updated) !

 Creating RelationType(trainer_teaches_course_in_college) ...
 RelationType (trainer_teaches_course_in_college) already exists (Nothing updated) !

 Creating RelationType(master_trainer_of_course) ...
 RelationType (master_trainer_of_course) already exists (Nothing updated) !

 Creating RelationType(master_trainer_of_university) ...
 RelationType (master_trainer_of_university) already exists (Nothing updated) !

 Creating RelationType(developer_of_course) ...
 RelationType (developer_of_course) already exists (Nothing updated) !

 Creating RelationType(district_of) ...
 RelationType (district_of) already exists (Nothing updated) !

 Creating RelationType(has_group) ...
 RelationType (has_group) already exists (Nothing updated) !

 Creating RelationType(has_login) ...
 RelationType (has_login) already exists (Nothing updated) !

 Creating RelationType(group_has_batch) ...
 RelationType (group_has_batch) already exists (Nothing updated) !

 Creating RelationType(has_batch_member) ...
 RelationType (has_batch_member) already exists (Nothing updated) !

 Creating RelationType(has_course) ...
 RelationType (has_course) already exists (Nothing updated) !

 Creating RelationType(for_acourse) ...
 RelationType (for_acourse) already exists (Nothing updated) !

 Creating RelationType(for_college) ...
 RelationType (for_college) already exists (Nothing updated) !

 Creating RelationType(for_university) ...
 RelationType (for_university) already exists (Nothing updated) !

 Creating RelationType(has_current_approval_task) ...
 RelationType (has_current_approval_task) already exists (Nothing updated) !

 Creating RelationType(event_has_batch) ...
 RelationType (event_has_batch) already exists (Nothing updated) !

 Creating RelationType(group_has_course_event) ...
 RelationType (group_has_course_event) already exists (Nothing updated) !

 Creating RelationType(has_logo) ...
 RelationType (has_logo) already exists (Nothing updated) !

 Creating RelationType(clone_of) ...
 RelationType (clone_of) already exists (Nothing updated) !

 Creating RelationType(has_thread) ...
 RelationType (has_thread) already exists (Nothing updated) !

 Creating RelationType(has_assetcontent) ...
 RelationType (has_assetcontent) already exists (Nothing updated) !

 Creating RelationType(has_subtitle) ...
 RelationType (has_subtitle) already exists (Nothing updated) !

 Creating RelationType(has_transcript) ...
 RelationType (has_transcript) already exists (Nothing updated) !

 Creating RelationType(has_alt_content) ...
 RelationType (has_alt_content) already exists (Nothing updated) !

 Task finised: Successfully processed json-file.

 ============================================================ End of Iteration ============================================================
