
######### Script run on : Mon Jun  4 16:36:12 2018 #########
############################################################

 CSVType: Follwoing file (/home/docker/code/gstudio/gnowsys-ndf/gnowsys_ndf/ndf/management/commands/schema_files/STs_run1.csv) found !
 JSONType: Following file (/home/docker/code/gstudio/gnowsys-ndf/gnowsys_ndf/ndf/management/commands/schema_files/STs_run1.json) created successfully.
 Task initiated: Processing json-file...

 Creating GSystemType(Place) ...
 GSystemType (Place) already exists (Nothing updated) !

 Creating GSystemType(Country) ...
 GSystemType (Country) already exists (Nothing updated) !

 Creating GSystemType(State) ...
 GSystemType (State) already exists (Nothing updated) !

 Creating GSystemType(District) ...
 GSystemType (District) already exists (Nothing updated) !

 Creating GSystemType(Organization) ...
 GSystemType (Organization) already exists (Nothing updated) !

 Creating GSystemType(University) ...
 GSystemType (University) already exists (Nothing updated) !

 Creating GSystemType(College) ...
 GSystemType (College) already exists (Nothing updated) !

 Creating GSystemType(NUSSD Course) ...
 GSystemType (NUSSD Course) already exists (Nothing updated) !

 Creating GSystemType(Announced Course) ...
 GSystemType (Announced Course) already exists (Nothing updated) !

 Creating GSystemType(Caste) ...
 GSystemType (Caste) already exists (Nothing updated) !

 Creating GSystemType(Person) ...
 GSystemType (Person) already exists (Nothing updated) !

 Creating GSystemType(Student) ...
 GSystemType (Student) already exists (Nothing updated) !

 Creating GSystemType(Voluntary Teacher) ...
 GSystemType (Voluntary Teacher) already exists (Nothing updated) !

 Creating GSystemType(Master Trainer) ...
 GSystemType (Master Trainer) already exists (Nothing updated) !

 Creating GSystemType(Faculty Coordinator) ...
 GSystemType (Faculty Coordinator) already exists (Nothing updated) !

 Creating GSystemType(NSS Coordinator) ...
 GSystemType (NSS Coordinator) already exists (Nothing updated) !

 Creating GSystemType(Course Developer) ...
 GSystemType (Course Developer) already exists (Nothing updated) !

 Creating GSystemType(Steering Committee Member) ...
 GSystemType (Steering Committee Member) already exists (Nothing updated) !

 Creating GSystemType(Program Officer) ...
 GSystemType (Program Officer) already exists (Nothing updated) !

 Creating GSystemType(Program Manager) ...
 GSystemType (Program Manager) already exists (Nothing updated) !

 Creating GSystemType(Partners) ...
 GSystemType (Partners) already exists (Nothing updated) !

 Creating GSystemType(Event) ...
 GSystemType (Event) already exists (Nothing updated) !

 Creating GSystemType(Inauguration) ...
 GSystemType (Inauguration) updated successfully.

 Creating GSystemType(Field Visit) ...
 GSystemType (Field Visit) updated successfully.

 Creating GSystemType(Meeting) ...
 GSystemType (Meeting) updated successfully.

 Creating GSystemType(Orientation) ...
 GSystemType (Orientation) updated successfully.

 Creating GSystemType(Master Trainer Program) ...
 GSystemType (Master Trainer Program) updated successfully.

 Creating GSystemType(Training of Teachers) ...
 GSystemType (Training of Teachers) updated successfully.

 Creating GSystemType(Course Developers Meeting) ...
 GSystemType (Course Developers Meeting) updated successfully.

 Creating GSystemType(Session) ...
 GSystemType (Session) updated successfully.

 Creating GSystemType(Classroom Session) ...
 GSystemType (Classroom Session) updated successfully.

 Creating GSystemType(Lab Session) ...
 GSystemType (Lab Session) updated successfully.

 Creating GSystemType(Exam) ...
 GSystemType (Exam) updated successfully.

 Creating GSystemType(Enrollment) ...
 GSystemType (Enrollment) already exists (Nothing updated) !

 Creating GSystemType(StudentCourseEnrollment) ...
 GSystemType (StudentCourseEnrollment) already exists (Nothing updated) !

 Creating GSystemType(MIS) ...
 GSystemType (MIS) already exists (Nothing updated) !

 Creating GSystemType(MIS-PO) ...
 GSystemType (MIS-PO) already exists (Nothing updated) !

 Creating GSystemType(CourseSection) ...
 GSystemType (CourseSection) already exists (Nothing updated) !

 Creating GSystemType(CourseSubSection) ...
 GSystemType (CourseSubSection) already exists (Nothing updated) !

 Creating GSystemType(CourseUnit) ...
 GSystemType (CourseUnit) already exists (Nothing updated) !

 Creating GSystemType(GListItem) ...
 GSystemType (GListItem) already exists (Nothing updated) !

 Creating GSystemType(CourseSectionEvent) ...
 GSystemType (CourseSectionEvent) already exists (Nothing updated) !

 Creating GSystemType(CourseSubSectionEvent) ...
 GSystemType (CourseSubSectionEvent) already exists (Nothing updated) !

 Creating GSystemType(CourseUnitEvent) ...
 GSystemType (CourseUnitEvent) already exists (Nothing updated) !

 Creating GSystemType(QuizItemEvent) ...
 GSystemType (QuizItemEvent) already exists (Nothing updated) !

 Creating GSystemType(Jhapp) ...
 GSystemType (Jhapp) already exists (Nothing updated) !

 Creating GSystemType(QuizItemPost) ...
 GSystemType (QuizItemPost) already exists (Nothing updated) !

 Creating GSystemType(Jsmol) ...
 GSystemType (Jsmol) already exists (Nothing updated) !

 Creating GSystemType(TurtleBlocks) ...
 GSystemType (TurtleBlocks) already exists (Nothing updated) !

 Creating GSystemType(Asset) ...
 GSystemType (Asset) already exists (Nothing updated) !

 Creating GSystemType(PoliceSquad) ...
 GSystemType (PoliceSquad) already exists (Nothing updated) !

 Creating GSystemType(OpenStoryTool) ...
 GSystemType (OpenStoryTool) already exists (Nothing updated) !

 Creating GSystemType(BioMechanics) ...
 GSystemType (BioMechanics) already exists (Nothing updated) !

 Creating GSystemType(Template) ...
 GSystemType (Template) already exists (Nothing updated) !

 Creating GSystemType(base_unit) ...
 GSystemType (base_unit) already exists (Nothing updated) !

 Creating GSystemType(lesson) ...
 GSystemType (lesson) already exists (Nothing updated) !

 Creating GSystemType(activity) ...
 GSystemType (activity) already exists (Nothing updated) !

 Creating GSystemType(announced_unit) ...
 GSystemType (announced_unit) already exists (Nothing updated) !

 Creating GSystemType(trans_node) ...
 GSystemType (trans_node) already exists (Nothing updated) !

 Creating GSystemType(base_survey) ...
 GSystemType (base_survey) already exists (Nothing updated) !

 Creating GSystemType(announced_survey) ...
 GSystemType (announced_survey) already exists (Nothing updated) !

 Task finised: Successfully processed json-file.

 ============================================================ End of Iteration ============================================================
